Found ConfigField TileEntityRemover_Enabled
Found ConfigField TileEntityTargetList
Ore: sandstone
Ore: glass
Ore: oreCoal
Ore: cloth
Ore: blockGold
Ore: blockIron
Ore: blockDiamond
Ore: blockGlowstone
Ore: blockEmerald
Ore: blockRedstone
Ore: coal
Ore: charcoal
Ore: ingotIron
Ore: ingotGold
Ore: dustRedstone
Ore: slimeball
Ore: dustGlowstone
Ore: nuggetGold
Fluid: milk
Fluid: sludge
Fluid: sewage
Fluid: mobessence
Fluid: biofuel
Fluid: meat
Fluid: pinkslime
Fluid: chocolatemilk
Fluid: mushroomsoup
Ore: oreYellorite
Ore: blockYellorium
Ore: blockCyanite
Ore: blockGraphite
Ore: blockBlutonium
Ore: ingotYellorium
Ore: ingotCyanite
Ore: ingotGraphite
Ore: ingotBlutonium
Ore: dustYellorium
Ore: dustCyanite
Ore: dustGraphite
Ore: dustBlutonium
Ore: ingotUranium
Ore: ingotPlutonium
Ore: dustUranium
Ore: dustPlutonium
Ore: reactorCasing
Ore: reactorController
Ore: reactorPowerTap
Ore: reactorRedNetPort
Ore: reactorComputerPort
Ore: reactorCoolantPort
Ore: glassReactor
Ore: glassTurbine
Ore: reactorRedstonePort
Ore: turbineHousing
Ore: turbineController
Ore: turbinePowerTap
Ore: turbineFluidPort
Ore: turbineBearing
Ore: turbineRotorShaft
Ore: turbineRotorBlade
Ore: brSmallMachineCyaniteProcessor
Fluid: yellorium
Fluid: cyanite
Fluid: fuelcolumn
Fluid: steam
Ore: gemApatite
Ore: ingotCopper
Ore: ingotTin
Ore: ingotBronze
Ore: brickPeat
Ore: dustAsh
Ore: gearBronze
Ore: gearCopper
Ore: gearTin
Ore: pulpWood
Ore: itemBeeswax
Ore: cropCherry
Ore: cropWalnut
Ore: cropChestnut
Ore: cropLemon
Ore: cropPlum
Ore: cropDate
Ore: cropPapaya
Ore: oreApatite
Ore: oreCopper
Ore: oreTin
Ore: dropHoney
Ore: itemPollen
Ore: dropHoneydew
Ore: dropRoyalJelly
Ore: beeComb
Ore: treeSapling
Ore: logWood
Ore: logWood
Ore: logWood
Ore: logWood
Ore: logWood
Ore: logWood
Ore: logWood
Ore: plankWood
Ore: plankWood
Ore: slabWood
Ore: slabWood
Ore: slabWood
Fluid: short.mead
Ore: gemDiamond
Ore: gemEmerald
Ore: ingotIron
Ore: ingotGold
Ore: gemDiamond
Fluid: acid
Fluid: poison
Fluid: liquidnitrogen
Ore: logWood
Ore: logWood
Ore: logWood
Ore: logWood
Ore: logWood
Ore: logWood
Ore: logWood
Ore: logWood
Ore: logWood
Ore: logWood
Ore: logWood
Ore: logWood
Ore: logWood
Ore: logWood
Ore: logWood
Ore: logWood
Ore: logWood
Ore: logWood
Ore: logWood
Ore: logWood
Ore: logWood
Ore: logWood
Ore: logWood
Ore: logWood
Ore: logWood
Ore: logWood
Ore: logWood
Ore: logWood
Ore: logWood
Ore: logWood
Ore: logWood
Ore: logWood
Ore: logWood
Ore: logWood
Ore: logWood
Ore: logWood
Ore: logWood
Ore: logWood
Ore: logWood
Ore: logWood
Ore: plankWood
Ore: plankWood
Ore: plankWood
Ore: plankWood
Ore: plankWood
Ore: plankWood
Ore: plankWood
Ore: plankWood
Ore: plankWood
Ore: plankWood
Ore: plankWood
Ore: plankWood
Ore: plankWood
Ore: plankWood
Ore: plankWood
Ore: plankWood
Ore: plankWood
Ore: plankWood
Ore: plankWood
Ore: plankWood
Ore: plankWood
Ore: plankWood
Ore: plankWood
Ore: plankWood
Ore: plankWood
Ore: plankWood
Ore: plankWood
Ore: plankWood
Ore: plankWood
Ore: plankWood
Ore: plankWood
Ore: plankWood
Ore: plankWood
Ore: plankWood
Ore: plankWood
Fluid: sap
Fluid: resin
Fluid: latex
Fluid: turpentine
Ore: pulpWood
Ore: cropApple
Ore: cropCrabapple
Ore: cropOrange
Ore: cropKumquat
Ore: cropLime
Ore: cropCherry
Ore: cropWildCherry
Ore: cropCherry
Ore: cropSourCherry
Ore: cropCherry
Ore: cropBlackCherry
Ore: cropBlackthorn
Ore: cropPlum
Ore: cropCherryPlum
Ore: cropAlmond
Ore: cropApricot
Ore: cropGrapefruit
Ore: cropPeach
Ore: cropSatsuma
Ore: cropOrange
Ore: cropBuddhaHand
Ore: cropCitron
Ore: cropCitron
Ore: cropLime
Ore: cropFingerLime
Ore: cropKeyLime
Ore: cropLime
Ore: cropOrange
Ore: cropManderin
Ore: cropPeach
Ore: cropNectarine
Ore: cropPomelo
Ore: cropTangerine
Ore: cropOrange
Ore: cropPear
Ore: cropSandPear
Ore: cropHazelnut
Ore: cropButternut
Ore: cropWalnut
Ore: cropBeechnut
Ore: cropPecan
Ore: cropBanana
Ore: cropRedBanana
Ore: cropBanana
Ore: cropPlantain
Ore: cropBrazilNut
Ore: cropFig
Ore: cropAcorn
Ore: cropElderberry
Ore: cropOlive
Ore: cropGingkoNut
Ore: cropCoffee
Ore: cropOsangeOrange
Ore: cropClove
Ore: cropApple
Ore: cropHops
Ore: seedWheat
Ore: seedWheat
Ore: seedBarley
Ore: seedCorn
Ore: seedRye
Ore: seedRoasted
Fluid: witchwater
Ore: hambone
Ore: blockRubber
Fluid: iron.molten
Fluid: gold.molten
Fluid: copper.molten
Fluid: tin.molten
Fluid: aluminum.molten
Fluid: cobalt.molten
Fluid: ardite.molten
Fluid: bronze.molten
Fluid: aluminumbrass.molten
Fluid: manyullyn.molten
Fluid: alumite.molten
Fluid: obsidian.molten
Fluid: steel.molten
Fluid: glass.molten
Fluid: stone.seared
Fluid: emerald.liquid
Fluid: blood
Fluid: nickel.molten
Fluid: lead.molten
Fluid: silver.molten
Fluid: platinum.molten
Fluid: invar.molten
Fluid: electrum.molten
Fluid: ender
Fluid: slime.blue
Fluid: glue
Fluid: pigiron.molten
Ore: oreCobalt
Ore: oreArdite
Ore: oreCopper
Ore: oreTin
Ore: oreAluminum
Ore: oreAluminium
Ore: oreIron
Ore: oreGold
Ore: oreCobalt
Ore: oreCopper
Ore: oreTin
Ore: oreAluminum
Ore: oreAluminium
Ore: ingotCobalt
Ore: ingotArdite
Ore: ingotManyullyn
Ore: ingotCopper
Ore: ingotTin
Ore: ingotAluminum
Ore: ingotAluminium
Ore: ingotBronze
Ore: ingotAluminumBrass
Ore: ingotAluminiumBrass
Ore: ingotAlumite
Ore: ingotSteel
Ore: ingotObsidian
Ore: ingotPigIron
Ore: itemRawRubber
Ore: blockCobalt
Ore: blockArdite
Ore: blockManyullyn
Ore: blockCopper
Ore: blockBronze
Ore: blockTin
Ore: blockAluminum
Ore: blockAluminium
Ore: blockAluminumBrass
Ore: blockAluminiumBrass
Ore: blockAlumite
Ore: blockSteel
Ore: blockEnder
Ore: nuggetIron
Ore: nuggetIron
Ore: nuggetCopper
Ore: nuggetCopper
Ore: nuggetTin
Ore: nuggetTin
Ore: nuggetAluminum
Ore: nuggetAluminum
Ore: nuggetAluminium
Ore: nuggetAluminium
Ore: nuggetAluminumBrass
Ore: nuggetAluminiumBrass
Ore: nuggetObsidian
Ore: nuggetCobalt
Ore: nuggetArdite
Ore: nuggetManyullyn
Ore: nuggetBronze
Ore: nuggetAlumite
Ore: nuggetSteel
Ore: nuggetGold
Ore: nuggetPigIron
Ore: dustArdite
Ore: dustCobalt
Ore: dustAluminium
Ore: dustAluminum
Ore: dustManyullyn
Ore: dustAluminiumBrass
Ore: dustAluminumBrass
Ore: slabCloth
Ore: slabCloth
Ore: stoneMossy
Ore: stoneMossy
Ore: crafterWood
Ore: craftingTableWood
Ore: torchStone
Ore: woodRod
Ore: stoneRod
Ore: ironRod
Ore: flintRod
Ore: cactusRod
Ore: boneRod
Ore: obsidianRod
Ore: netherrackRod
Ore: slimeRod
Ore: paperRod
Ore: cobaltRod
Ore: arditeRod
Ore: manyullynRod
Ore: copperRod
Ore: bronzeRod
Ore: alumiteRod
Ore: steelRod
Ore: blueslimeRod
Ore: thaumiumRod
Ore: glassWhite
Ore: glassOrange
Ore: glassMagenta
Ore: glassLightBlue
Ore: glassYellow
Ore: glassLime
Ore: glassPink
Ore: glassGray
Ore: glassLightGray
Ore: glassCyan
Ore: glassPurple
Ore: glassBlue
Ore: glassBrown
Ore: glassGreen
Ore: glassRed
Ore: glassBlack
Ore: slimeball
Ore: slimeball
Ore: slimeball
Ore: slimeball
Ore: glass
Ore: glass
Fluid: fastwater
Ore: blockLapis
Ore: blockCoal
Ore: blockLimestone
Ore: limestone
Ore: oreCopper
Ore: oreAluminum
Ore: oreAluminium
Ore: oreNaturalAluminum
Ore: oreRutile
Ore: blockAluminum
Ore: blockAluminium
Ore: blockNaturalAluminum
Ore: blockCopper
Ore: blockMagnesium
Ore: blockTitanium
Ore: blockRutile
Ore: foodSalt
Ore: dustSalt
Ore: ingotAluminum
Ore: ingotAluminium
Ore: ingotNaturalAluminum
Ore: ingotCopper
Ore: ingotMagnesium
Ore: ingotRutile
Ore: ingotTitanium
Ore: nuggetIron
Ore: nuggetAluminum
Ore: nuggetAluminium
Ore: nuggetNaturalAluminum
Ore: nuggetCopper
Ore: nuggetMagnesium
Ore: nuggetRutile
Ore: nuggetTitanium
Ore: dyeYellow
Ore: dyeRed
Ore: dyeBrown
Ore: dyeGreen
Ore: dyeWhite
Ore: dyeBlue
Fluid: food.fish
Fluid: oil.fish
Fluid: custard
Fluid: molten.dirt
Ore: crafterWood
Ore: craftingTableWood
Ore: plankWood
Ore: logWood
Ore: stickWood
Ore: crafterWood
Ore: craftingTableWood
Ore: plankWood
Ore: logWood
Ore: stickWood
Ore: crafterWood
Ore: craftingTableWood
Ore: plankWood
Ore: logWood
Ore: stickWood
Ore: crafterWood
Ore: craftingTableWood
Ore: plankWood
Ore: logWood
Ore: stickWood
Ore: crafterWood
Ore: craftingTableWood
Ore: plankWood
Ore: logWood
Ore: stickWood
Ore: crafterWood
Ore: craftingTableWood
Ore: plankWood
Ore: logWood
Ore: stickWood
Ore: crafterWood
Ore: craftingTableWood
Ore: plankWood
Ore: logWood
Ore: stickWood
Ore: crafterWood
Ore: craftingTableWood
Ore: plankWood
Ore: logWood
Ore: stickWood
Ore: crafterWood
Ore: craftingTableWood
Ore: plankWood
Ore: logWood
Ore: stickWood
Ore: crafterWood
Ore: craftingTableWood
Ore: plankWood
Ore: logWood
Ore: stickWood
Ore: crafterWood
Ore: craftingTableWood
Ore: plankWood
Ore: logWood
Ore: stickWood
Ore: crafterWood
Ore: craftingTableWood
Ore: plankWood
Ore: logWood
Ore: stickWood
Ore: dyeBlue
Ore: glassSoul
Ore: chestWood
Ore: blockGlass
Ore: blockGlass
Ore: blockGlass
Ore: cropRaspberry
Ore: cropBlueberry
Ore: cropBlackberry
Ore: cropMaloberry
Ore: cropBlightberry
Ore: cropDuskberry
Ore: cropSkyberry
Ore: cropStingberry
Ore: taintedSoil
Ore: slabWood
Ore: slabWood
Ore: saplingTree
Ore: saplingTree
Ore: leavesTree
Ore: leavesTree
Ore: leavesTree
Ore: leavesTree
Ore: toolPot
Ore: toolSkillet
Ore: toolSaucepan
Ore: toolBakeware
Ore: toolCuttingboard
Ore: toolMortarandpestle
Ore: toolMixingbowl
Ore: toolJuicer
Ore: listAllveggie
Ore: listAllgreenveggie
Ore: cropAsparagus
Ore: seedAsparagus
Ore: listAllseed
Ore: foodGrilledasparagus
Ore: listAllgrain
Ore: cropBarley
Ore: seedBarley
Ore: listAllseed
Ore: cropBean
Ore: listAllveggie
Ore: seedBean
Ore: listAllseed
Ore: cropBeet
Ore: listAllveggie
Ore: seedBeet
Ore: listAllseed
Ore: cropBroccoli
Ore: listAllveggie
Ore: listAllgreenveggie
Ore: seedBroccoli
Ore: listAllseed
Ore: cropCauliflower
Ore: listAllveggie
Ore: seedCauliflower
Ore: listAllseed
Ore: cropCelery
Ore: listAllveggie
Ore: listAllgreenveggie
Ore: seedCelery
Ore: listAllseed
Ore: listAllberry
Ore: listAllfruit
Ore: cropCranberry
Ore: seedCranberry
Ore: listAllseed
Ore: cropGarlic
Ore: listAllherb
Ore: seedGarlic
Ore: listAllseed
Ore: cropGinger
Ore: listAllspice
Ore: seedGinger
Ore: listAllseed
Ore: cropLeek
Ore: listAllveggie
Ore: seedLeek
Ore: listAllseed
Ore: cropLettuce
Ore: listAllveggie
Ore: listAllgreenveggie
Ore: seedLettuce
Ore: listAllseed
Ore: cropOats
Ore: listAllgrain
Ore: seedOats
Ore: listAllseed
Ore: cropOnion
Ore: listAllveggie
Ore: seedOnion
Ore: listAllseed
Ore: cropParsnip
Ore: listAllveggie
Ore: listAllrootveggie
Ore: seedParsnip
Ore: listAllseed
Ore: listAllnut
Ore: cropPeanut
Ore: seedPeanut
Ore: listAllseed
Ore: cropPineapple
Ore: listAllfruit
Ore: seedPineapple
Ore: listAllseed
Ore: cropRadish
Ore: listAllveggie
Ore: listAllrootveggie
Ore: seedRadish
Ore: listAllseed
Ore: cropRice
Ore: seedRice
Ore: foodRicecake
Ore: cropRutabaga
Ore: listAllveggie
Ore: listAllrootveggie
Ore: seedRutabaga
Ore: cropRye
Ore: listAllgrain
Ore: seedRye
Ore: listAllseed
Ore: cropScallion
Ore: listAllveggie
Ore: seedScallion
Ore: listAllseed
Ore: cropSoybean
Ore: listAllveggie
Ore: seedSoybean
Ore: listAllseed
Ore: listAllgreenveggie
Ore: listAllspice
Ore: cropSpiceleaf
Ore: seedSpiceleaf
Ore: listAllseed
Ore: listAllseed
Ore: cropSunflower
Ore: seedSunflower
Ore: listAllseed
Ore: cropSweetpotato
Ore: listAllveggie
Ore: listAllrootveggie
Ore: seedSweetpotato
Ore: listAllseed
Ore: cropTea
Ore: seedTea
Ore: listAllseed
Ore: foodTea
Ore: cropTurnip
Ore: listAllveggie
Ore: listAllrootveggie
Ore: seedTurnip
Ore: listAllseed
Ore: listAllveggie
Ore: listAllmushroom
Ore: cropWhitemushroom
Ore: seedWhitemushroom
Ore: listAllseed
Ore: cropArtichoke
Ore: listAllveggie
Ore: listAllgreenveggie
Ore: seedArtichoke
Ore: cropBellpepper
Ore: listAllpepper
Ore: listAllveggie
Ore: seedBellpepper
Ore: listAllseed
Ore: listAllberry
Ore: listAllfruit
Ore: cropBlackberry
Ore: seedBlackberry
Ore: listAllseed
Ore: listAllberry
Ore: listAllfruit
Ore: cropBlueberry
Ore: seedBlueberry
Ore: listAllseed
Ore: cropBrusselsprout
Ore: listAllveggie
Ore: listAllgreenveggie
Ore: seedBrusselsprout
Ore: cropCabbage
Ore: listAllveggie
Ore: listAllgreenveggie
Ore: seedCabbage
Ore: listAllfruit
Ore: cropCactusfruit
Ore: seedCactusfruit
Ore: listAllseed
Ore: cropCantaloupe
Ore: listAllfruit
Ore: seedCantaloupe
Ore: listAllseed
Ore: cropChilipepper
Ore: listAllpepper
Ore: seedChilipepper
Ore: listAllseed
Ore: cropCoffee
Ore: seedCoffee
Ore: listAllseed
Ore: foodCoffee
Ore: cropCorn
Ore: listAllveggie
Ore: seedCorn
Ore: listAllseed
Ore: cropCucumber
Ore: listAllveggie
Ore: listAllgreenveggie
Ore: seedCucumber
Ore: listAllseed
Ore: cropEggplant
Ore: listAllveggie
Ore: seedEggplant
Ore: listAllseed
Ore: foodGrilledeggplant
Ore: listAllfruit
Ore: cropGrape
Ore: seedGrape
Ore: listAllseed
Ore: foodRaisins
Ore: listAllfruit
Ore: cropKiwi
Ore: seedKiwi
Ore: listAllseed
Ore: cropMustard
Ore: listAllspice
Ore: seedMustard
Ore: listAllseed
Ore: cropOkra
Ore: listAllveggie
Ore: listAllgreenveggie
Ore: seedOkra
Ore: cropPeas
Ore: listAllveggie
Ore: listAllgreenveggie
Ore: seedPeas
Ore: listAllseed
Ore: listAllberry
Ore: listAllfruit
Ore: cropRaspberry
Ore: seedRaspberry
Ore: listAllseed
Ore: cropRhubarb
Ore: listAllveggie
Ore: seedRhubarb
Ore: listAllseed
Ore: cropSeaweed
Ore: listAllveggie
Ore: listAllgreenveggie
Ore: seedSeaweed
Ore: listAllseed
Ore: listAllfruit
Ore: listAllberry
Ore: cropStrawberry
Ore: seedStrawberry
Ore: listAllseed
Ore: cropTomato
Ore: listAllveggie
Ore: seedTomato
Ore: listAllseed
Ore: cropWintersquash
Ore: listAllveggie
Ore: seedWintersquash
Ore: listAllseed
Ore: cropZucchini
Ore: listAllveggie
Ore: listAllgreenveggie
Ore: seedZucchini
Ore: listAllseed
Ore: cropBambooshoot
Ore: listAllveggie
Ore: seedBambooshoot
Ore: listAllseed
Ore: cropAvocado
Ore: cropBanana
Ore: listAllfruit
Ore: cropCherry
Ore: listAllfruit
Ore: cropCinnamon
Ore: cropCoconut
Ore: foodToastedcoconut
Ore: cropDragonfruit
Ore: listAllfruit
Ore: cropLemon
Ore: listAllfruit
Ore: cropLime
Ore: listAllfruit
Ore: cropMango
Ore: listAllfruit
Ore: cropNutmeg
Ore: cropOlive
Ore: cropOrange
Ore: listAllfruit
Ore: cropPapaya
Ore: listAllfruit
Ore: cropPeach
Ore: listAllfruit
Ore: cropPear
Ore: listAllfruit
Ore: cropPeppercorn
Ore: cropPlum
Ore: listAllfruit
Ore: cropPomegranate
Ore: listAllfruit
Ore: cropStarfruit
Ore: listAllfruit
Ore: cropVanillabean
Ore: foodVanilla
Ore: cropWalnut
Ore: listAllnut
Ore: foodSalt
Ore: foodFlour
Ore: foodDough
Ore: foodToast
Ore: foodPasta
Ore: foodHeavycream
Ore: foodButter
Ore: foodCheese
Ore: foodIcecream
Ore: foodGrilledchese
Ore: foodApplesauce
Ore: foodApplejuice
Ore: listAlljuice
Ore: foodApplepie
Ore: foodCaramelapple
Ore: foodPumpkinbread
Ore: foodRoastedpumpkinseeds
Ore: foodPumpkinsoup
Ore: foodMelonjuice
Ore: listAlljuice
Ore: foodMelonsmoothie
Ore: listAllsmoothie
Ore: foodCarrotjuice
Ore: foodCarrotcake
Ore: foodCarrotsoup
Ore: foodGlazedcarrots
Ore: foodButteredpotato
Ore: foodLoadedbakedpotato
Ore: foodMashedpotatoes
Ore: foodPotatosalad
Ore: foodPotatosoup
Ore: foodFries
Ore: foodGrilledmushroom
Ore: foodStuffedmushroom
Ore: foodChickensandwich
Ore: foodChickennoodlesoup
Ore: foodChickenpotpie
Ore: foodBreadedporkchop
Ore: foodHotdog
Ore: foodBakedham
Ore: foodHamburger
Ore: foodCheeseburger
Ore: foodBaconcheeseburger
Ore: foodPotroast
Ore: foodFishsandwich
Ore: foodFishsticks
Ore: foodFishandchips
Ore: foodMayo
Ore: foodFriedegg
Ore: foodScrambledegg
Ore: foodBoiledegg
Ore: foodEggsalad
Ore: foodCaramel
Ore: foodTaffy
Ore: foodSpidereyesoup
Ore: foodZombiejerky
Ore: foodCocoapowder
Ore: foodChocolatebar
Ore: foodHotchocolate
Ore: foodChocolateicecream
Ore: foodVegetablesoup
Ore: foodStock
Ore: foodFruitsalad
Ore: foodSpagetti
Ore: foodSpagettiandmeatballs
Ore: foodTomatosoup
Ore: foodKetchup
Ore: foodChickenparmasan
Ore: foodPizza
Ore: foodSpringsalad
Ore: foodPorklettucewrap
Ore: foodFishlettucewrap
Ore: foodBlt
Ore: foodLeafychickensandwich
Ore: foodLeafyfishsandwich
Ore: foodDeluxecheeseburger
Ore: foodDelightedmeal
Ore: foodOnionsoup
Ore: foodPotatocakes
Ore: foodHash
Ore: foodBraisedonions
Ore: foodHeartyBreakfast
Ore: foodCornonthecob
Ore: foodCornmeal
Ore: foodCornbread
Ore: foodTortilla
Ore: foodNachoes
Ore: foodTaco
Ore: foodFishtaco
Ore: foodCreamedcorn
Ore: foodStrawberrysmoothie
Ore: listAllsmoothie
Ore: foodStrawberrypie
Ore: foodStrawberrysalad
Ore: foodStrawberryjuice
Ore: listAlljuice
Ore: foodChocolatestrawberry
Ore: foodPeanutbutter
Ore: foodTrailmix
Ore: foodPbandj
Ore: foodPeanutbuttercookies
Ore: foodGrapejuice
Ore: listAlljuice
Ore: foodVinegar
Ore: foodGrapejelly
Ore: foodGrapesalad
Ore: foodRaisincookies
Ore: foodPickles
Ore: foodCucumbersalad
Ore: foodCucumbersoup
Ore: foodVegetarianlettucewrap
Ore: foodMarinatedcucumbers
Ore: foodRicesoup
Ore: foodFriedrice
Ore: foodMushroomrisotto
Ore: foodCurry
Ore: foodRainbowcurry
Ore: foodRefriedbeans
Ore: foodBakedbeans
Ore: foodBeansandrice
Ore: foodChili
Ore: foodBeanburrito
Ore: foodStuffedpepper
Ore: foodVeggiestirfry
Ore: foodGrilledskewers
Ore: foodSupremepizza
Ore: foodOmelet
Ore: foodHotwings
Ore: foodChilipoppers
Ore: foodExtremechili
Ore: foodChilichocolate
Ore: foodLemonaide
Ore: listAlljuice
Ore: foodLemonbar
Ore: foodFishdinner
Ore: foodLemonsmoothie
Ore: listAllsmoothie
Ore: foodLemonmeringue
Ore: foodCandiedlemon
Ore: foodLemonchicken
Ore: foodBlueberrysmoothie
Ore: listAllsmoothie
Ore: foodBlueberrypie
Ore: foodBlueberrymuffin
Ore: foodBlueberryjuice
Ore: listAlljuice
Ore: foodPancakes
Ore: foodBlueberrypancakes
Ore: foodCherryjuice
Ore: listAlljuice
Ore: foodCherrypie
Ore: foodChocolatecherry
Ore: foodCherrysmoothie
Ore: listAllsmoothie
Ore: foodCheesecake
Ore: foodCherrycheesecake
Ore: foodStuffedeggplant
Ore: foodEggplantparm
Ore: foodRaspberryicedtea
Ore: foodChaitea
Ore: foodEspresso
Ore: foodCoffeeconleche
Ore: foodMochaicecream
Ore: foodPickledbeets
Ore: foodBeetsalad
Ore: foodBeetsoup
Ore: foodBakedbeets
Ore: foodBroccolimac
Ore: foodBroccolindip
Ore: foodCreamedbroccolisoup
Ore: foodSweetpotatopie
Ore: foodCandiedsweetpotatoes
Ore: foodMashedsweetpotatoes
Ore: foodSteamedpeas
Ore: foodSplitpeasoup
Ore: foodPineappleupsidedowncake
Ore: foodPineappleham
Ore: foodPineappleyogurt
Ore: foodTurnipsoup
Ore: foodRoastedrootveggiemedley
Ore: foodBakedturnips
Ore: foodGingerbread
Ore: foodGingersnaps
Ore: foodCandiedginger
Ore: foodMustard
Ore: foodSoftpretzelandmustard
Ore: foodSpicymustardpork
Ore: foodSpicygreens
Ore: foodGarlicbread
Ore: foodGarlicmashedpotatoes
Ore: foodGarlicchicken
Ore: foodSummerradishsalad
Ore: foodSummersquashwithradish
Ore: foodCeleryandpeanutbutter
Ore: foodChickencelerycasserole
Ore: foodPeasandcelery
Ore: foodCelerysoup
Ore: foodZucchinibread
Ore: foodZucchinifries
Ore: foodZestyzucchini
Ore: foodZucchinibake
Ore: foodAsparagusquiche
Ore: foodAsparagussoup
Ore: foodWalnutraisinbread
Ore: foodCandiedwalnuts
Ore: foodBrownie
Ore: foodPapayajuice
Ore: listAlljuice
Ore: foodPapayasmoothie
Ore: listAllsmoothie
Ore: foodPapayayogurt
Ore: foodStarfruitjuice
Ore: listAlljuice
Ore: foodStarfruitsmoothie
Ore: listAllsmoothie
Ore: foodStarfruityogurt
Ore: foodGuacamole
Ore: foodCreamofavocadosoup
Ore: foodAvocadoburrito
Ore: foodPoachedpear
Ore: foodFruitcrumble
Ore: foodPearyogurt
Ore: foodPlumyogurt
Ore: foodBananasplit
Ore: foodBanananutbread
Ore: foodBananasmoothie
Ore: listAllsmoothie
Ore: foodBananayogurt
Ore: foodCoconutmilk
Ore: foodChickencurry
Ore: foodCoconutshrimp
Ore: foodCoconutyogurt
Ore: foodOrangejuice
Ore: listAlljuice
Ore: foodOrangechicken
Ore: foodOrangesmoothie
Ore: listAllsmoothie
Ore: foodOrangeyogurt
Ore: foodPeachjuice
Ore: listAlljuice
Ore: foodPeachcobbler
Ore: foodPeachsmoothie
Ore: listAllsmoothie
Ore: foodPeachyogurt
Ore: foodLimejuice
Ore: listAlljuice
Ore: foodKeylimepie
Ore: foodLimesmoothie
Ore: listAllsmoothie
Ore: foodLimeyogurt
Ore: foodMangojuice
Ore: listAlljuice
Ore: foodMangosmoothie
Ore: listAllsmoothie
Ore: foodMangoyogurt
Ore: foodPomegranatejuice
Ore: listAlljuice
Ore: foodPomegranatesmoothie
Ore: listAllsmoothie
Ore: foodPomegranateyogurt
Ore: foodVanillayogurt
Ore: foodCinnamonroll
Ore: foodFrenchtoast
Ore: foodMarshmellows
Ore: foodDonut
Ore: foodChocolatedonut
Ore: foodPowdereddonut
Ore: foodJellydonut
Ore: foodFrosteddonut
Ore: foodCactussoup
Ore: foodWaffles
Ore: foodSeedsoup
Ore: foodSoftpretzel
Ore: foodJellybeans
Ore: foodBiscuit
Ore: foodCreamcookie
Ore: foodJaffa
Ore: foodFriedchicken
Ore: foodChocolatesprinklecake
Ore: foodRedvelvetcake
Ore: foodFootlong
Ore: foodBlueberryyogurt
Ore: foodLemonyogurt
Ore: foodCherryyogurt
Ore: foodStrawberryyogurt
Ore: foodGrapeyogurt
Ore: foodChocolateyogurt
Ore: foodBlackberryjuice
Ore: listAlljuice
Ore: foodBlackberrycobbler
Ore: foodBlackberrysmoothie
Ore: listAllsmoothie
Ore: foodBlackberryyogurt
Ore: foodChocolatemilk
Ore: foodPumpkinyogurt
Ore: foodRaspberryjuice
Ore: listAlljuice
Ore: foodRaspberrypie
Ore: foodRaspberrysmoothie
Ore: listAllsmoothie
Ore: foodRaspberryyogurt
Ore: foodCinnamonsugardonut
Ore: foodMelonyogurt
Ore: foodKiwijuice
Ore: listAlljuice
Ore: foodKiwismoothie
Ore: listAllsmoothie
Ore: foodKiwiyogurt
Ore: foodPlainyogurt
Ore: foodAppleyogurt
Ore: foodSaltedsunflowerseeds
Ore: foodSunflowerwheatrolls
Ore: foodSunflowerbroccolisalad
Ore: foodCranberryjuice
Ore: listAlljuice
Ore: foodCranberrysauce
Ore: foodCranberrybar
Ore: foodPeppermint
Ore: foodCactusfruitjuice
Ore: listAlljuice
Ore: foodBlackpepper
Ore: foodGroundcinnamon
Ore: foodGroundnutmeg
Ore: foodOliveoil
Ore: foodBaklava
Ore: foodGummybears
Ore: foodBaconmushroomburger
Ore: foodFruitpunch
Ore: foodMeatystew
Ore: foodMixedsalad
Ore: foodPinacolada
Ore: foodSaladdressing
Ore: foodShepardspie
Ore: foodEggnog
Ore: foodCustard
Ore: foodSushi
Ore: foodGardensoup
Ore: foodMuttonraw
Ore: foodMuttoncooked
Ore: foodCalamariraw
Ore: foodCalamaricooked
Ore: foodApplejelly
Ore: foodApplejellysandwich
Ore: foodBlackberryjelly
Ore: foodBlackberryjellysandwich
Ore: foodBlueberryjelly
Ore: foodBlueberryjellysandwich
Ore: foodCherryjelly
Ore: foodCherryjellysandwich
Ore: foodCranberryjelly
Ore: foodCranberryjellysandwich
Ore: foodKiwijelly
Ore: foodKiwijellysandwich
Ore: foodLemonjelly
Ore: foodLemonjellysandwich
Ore: foodLimejelly
Ore: foodLimejellysandwich
Ore: foodMangojelly
Ore: foodMangojellysandwich
Ore: foodOrangejelly
Ore: foodOrangejellysandwich
Ore: foodPapayajelly
Ore: foodPapayajellysandwich
Ore: foodPeachjelly
Ore: foodPeachjellysandwich
Ore: foodPomegranatejelly
Ore: foodPomegranatejellysandwich
Ore: foodRaspberryjelly
Ore: foodRaspberryjellysandwich
Ore: foodStarfruitjelly
Ore: foodStarfruitjellysandwich
Ore: foodStrawberryjelly
Ore: foodStrawberryjellysandwich
Ore: foodWatermelonjelly
Ore: foodWatermelonjellysandwich
Ore: foodBubblywater
Ore: foodCherrysoda
Ore: foodColasoda
Ore: foodGingersoda
Ore: foodGrapesoda
Ore: foodLemonlimesoda
Ore: foodOrangesoda
Ore: foodRootbeersoda
Ore: foodStrawberrysoda
Ore: foodCaramelicecream
Ore: foodMintchocolatechipicecream
Ore: foodStrawberryicecream
Ore: foodVanillaicecream
Ore: cropEdibleroot
Ore: foodGingerchicken
Ore: foodOldworldveggiesoup
Ore: foodSpicebun
Ore: foodGingeredrhubarbtart
Ore: foodLambbarleysoup
Ore: foodHoneylemonlamb
Ore: foodPumpkinoatscones
Ore: foodBeefjerky
Ore: foodPlumjuice
Ore: foodPearjuice
Ore: foodOvenroastedcauliflower
Ore: foodLeekbaconsoup
Ore: foodHerbbutterparsnips
Ore: foodScallionbakedpotato
Ore: foodSoymilk
Ore: foodFirmtofu
Ore: foodSilkentofu
Ore: cropCotton
Ore: seedCotton
Ore: materialCloth
Ore: cropCandle
Ore: seedCandleberry
Ore: materialPressedwax
Ore: materialHardenedleather
Ore: oreSalt
Ore: beeQueen
Ore: materialWaxcomb
Ore: materialHoneycomb
Ore: foodHoneydrop
Ore: dropHoney
Ore: materialPressedwax
Ore: listAllveggie
Ore: listAllveggie
Ore: listAllveggie
Ore: listAllseed
Ore: listAllseed
Ore: listAllseed
Ore: listAllgrain
Ore: listAllmushroom
Ore: listAllmushroom
Ore: cropApple
Ore: listAllfruit
Ore: listAllmeatraw
Ore: listAllmeatraw
Ore: listAllmeatraw
Ore: listAllmeatraw
Ore: listAllmeatraw
Ore: listAllmeatcooked
Ore: listAllmeatcooked
Ore: listAllmeatcooked
Ore: listAllmeatcooked
Ore: listAllmeatcooked
Ore: listAllfishraw
Ore: listAllfishraw
Ore: listAllfishraw
Ore: listAllfishcooked
Ore: listAllfishcooked
Ore: listAllfishcooked
Ore: listAllegg
Ore: listAllegg
Ore: listAllchickenraw
Ore: listAllchickenraw
Ore: listAllchickencooked
Ore: listAllchickencooked
Ore: listAllporkraw
Ore: listAllporkraw
Ore: listAllporkcooked
Ore: listAllporkcooked
Ore: listAllbeefraw
Ore: listAllbeefraw
Ore: listAllbeefcooked
Ore: listAllbeefcooked
Ore: listAllmuttonraw
Ore: listAllmuttonraw
Ore: listAllmuttoncooked
Ore: listAllmuttoncooked
Ore: listAllReplaceheavycream
Ore: listAllReplaceheavycream
Ore: listAllReplaceicecream
Ore: listAllReplaceicecream
Ore: listAllwater
Ore: listAllwater
Ore: listAllmilk
Ore: listAllmilk
Ore: listAllmilk
Fluid: fluxgoo
Ore: oreCinnabar
Ore: oreInfusedAir
Ore: oreInfusedFire
Ore: oreInfusedWater
Ore: oreInfusedEarth
Ore: oreInfusedOrder
Ore: oreInfusedEntropy
Ore: shardAir
Ore: shardFire
Ore: shardWater
Ore: shardEarth
Ore: shardOrder
Ore: shardEntropy
Ore: oreAmber
Ore: quicksilver
Ore: gemAmber
Ore: nuggetIron
Ore: nuggetCopper
Ore: nuggetTin
Ore: nuggetSilver
Ore: nuggetLead
Ore: nuggetThaumium
Ore: nuggetQuicksilver
Ore: ingotThaumium
Ore: clusterIron
Ore: clusterCopper
Ore: clusterTin
Ore: clusterSilver
Ore: clusterLead
Ore: clusterCinnabar
Ore: clusterGold
Ore: logWood
Ore: logWood
Ore: plankWood
Ore: plankWood
Ore: blockEnder
Ore: ingotIron
Ore: ingotGold
Ore: slimeball
Ore: gemDiamond
Ore: gemEmerald
Ore: chestWood
Ore: stickWood
Ore: obsidian
Ore: whiteStone
Ore: transdimBlock
Ore: mb.magnet.level0
Ore: mb.magnet.level0
Ore: mb.magnet.level1
Ore: mb.magnet.level1
Ore: mb.magnet.level2
Ore: mb.magnet.level2
Ore: mb.magnet.level3
Ore: mb.magnet.level3
Ore: mb.magnet.level4
Ore: mb.magnet.level4
Ore: mb.magnet.level5
Ore: mb.magnet.level5
Ore: mb.magnet.level6
Ore: mb.magnet.level6
Ore: mb.magnet.level7
Ore: mb.magnet.level7
Ore: mb.magnet.level8
Ore: mb.magnet.level8
Ore: beeComb
Ore: waxMagical
Ore: waxMagical
Ore: nuggetIron
Ore: nuggetCopper
Ore: nuggetTin
Ore: nuggetSilver
Ore: nuggetLead
Ore: shardDiamond
Ore: shardEmerald
Ore: shardApatite
Fluid: xpjuice
Found ConfigField creosote_fermentation
Fluid: limestone.molten
Fluid: cement.liquid
Ore: blockSand
Ore: dustGunpowder
Ore: dustSugar
Ore: fuelCoal
Ore: itemClay
Ore: blockCoal
Ore: blockCharcoal
Ore: blockGunpowder
Ore: blockSugar
Ore: blockLimestone
Ore: blockGraveyardDirt
Ore: oreberryIron
Ore: oreberryCopper
Ore: oreberryTin
Ore: oreberryAluminum
Ore: oreberryAluminium
Ore: oreberryEssence
Ore: listAllmilk
Ore: stoneRod
Ore: oreCertusQuartz
Ore: crystalCertusQuartz
Ore: dustCertusQuartz
Ore: dustNetherQuartz
Ore: dustEnderPearl
Ore: dustGold
Ore: dustIron
Ore: dustWheat
Ore: oreNetherCoal
Ore: oreNetherDiamond
Ore: oreNetherGold
Ore: oreNetherIron
Ore: oreNetherLapis
Ore: oreNetherRedstone
Ore: oreNetherCopper
Ore: oreNetherTin
Ore: oreNetherEmerald
Ore: oreNetherSilver
Ore: oreNetherLead
Ore: oreNetherUranium
Ore: oreNetherNickel
Ore: oreNetherIridium
Ore: oreNetherSulfur
Ore: oreNetherTitanium
Ore: oreNetherRutile
Ore: oreNetherSalt
Ore: oreNetherSaltpeter
Ore: dustIron
Ore: dustGold
Ore: dustCoal
Ore: dustObsidian
Ore: dustCopper
Ore: dustTin
Ore: dustSilver
Ore: dustLead
Ore: dustNickel
Ore: dustPlatinum
Ore: dustElectrum
Ore: dustInvar
Ore: dustBronze
Ore: dustEnderium
Ore: ingotCopper
Ore: ingotTin
Ore: ingotSilver
Ore: ingotLead
Ore: ingotNickel
Ore: ingotPlatinum
Ore: ingotElectrum
Ore: ingotInvar
Ore: ingotBronze
Ore: ingotEnderium
Ore: nuggetCopper
Ore: nuggetTin
Ore: nuggetSilver
Ore: nuggetLead
Ore: nuggetNickel
Ore: nuggetPlatinum
Ore: nuggetElectrum
Ore: nuggetInvar
Ore: nuggetBronze
Ore: nuggetEnderium
Ore: dustSulfur
Ore: dustSaltpeter
Ore: crystalCinnabar
Ore: gearCopper
Ore: gearTin
Ore: gearElectrum
Ore: gearInvar
Ore: gearBronze
Ore: oreCopper
Ore: oreTin
Ore: oreSilver
Ore: oreLead
Ore: oreNickel
Ore: blockCopper
Ore: blockTin
Ore: blockSilver
Ore: blockLead
Ore: blockNickel
Ore: blockPlatinum
Ore: blockElectrum
Ore: blockInvar
Ore: blockBronze
Ore: blockEnderium
Ore: glassHardened
Fluid: redstone
Fluid: glowstone
Fluid: pyrotheum
Fluid: cryotheum
Fluid: coal
Ore: itemRubber
Ore: itemRawRubber
Ore: woodRubber
Ore: leavesRubber
Ore: sheetPlastic
Ore: dustPlastic
Ore: ingotMeat
Ore: ingotMeatRaw
Ore: nuggetMeat
Ore: nuggetMeatRaw
Ore: blockMeat
Ore: blockMeatRaw
Ore: itemCharcoalSugar
Ore: cableRedNet
Ore: cableRedNet
Ore: cableRedNetEnergy
Ore: cableRedNetEnergy
Ore: slimeball
Ore: dyeBrown
Ore: fertilizerOrganic
Ore: wireExplosive
Ore: listAllmilk
Ore: slimeball
Ore: glass
Ore: nuggetGold
Ore: ingotGold
Ore: blockSnow
Ore: blockIce
Fluid: glass
Fluid: biomass
Fluid: bioethanol
Fluid: seedoil
Fluid: honey
Fluid: juice
Fluid: ice
Ore: dyeRed
Ore: dyeYellow
Ore: dyeBlue
Ore: dyeGreen
Ore: dyeBlack
Ore: dyeWhite
Ore: dyeBrown
Fluid: liquiddna
Fluid: life essence
Ore: oreCoal
Ore: ingotCopper
Ore: ingotTin
Ore: ingotSilver
Ore: ingotLead
Ore: ingotNickel
Ore: ingotPlatinum
Ore: ingotAluminum
Fluid: gas.natural
Fluid: quicklime
Fluid: salt.molten
Fluid: magnesium.molten
Fluid: titanium.molten
Fluid: rutile.molten
Ore: cropVine
Ore: bricksGravel
Ore: enderobsidian
Ore: burntquartz
Ore: icestone
Ore: blockUnstable
Ore: magicinfusedwood
Ore: endercore
Ore: sandyglass
Ore: glass
Ore: glass
Ore: glass
Ore: glass
Ore: glass
Ore: glass
Ore: bricksStone
Ore: bricksStone
Ore: bricksStone
Ore: bricksStone
Ore: bricksStone
Ore: bricksStone
Ore: bricksStone
Ore: bricksStone
Ore: bricksStone
Ore: bricksStone
Ore: bricksStone
Ore: bricksStone
Ore: bricksStone
Ore: bricksStone
Ore: bricksStone
Ore: bricksStone
Ore: plankWood
Ore: plankWood
Ore: plankWood
Ore: plankWood
Ore: plankWood
Ore: plankWood
Ore: plankWood
Ore: plankWood
Ore: plankWood
Ore: plankWood
Ore: plankWood
Ore: plankWood
Ore: plankWood
Ore: plankWood
Ore: plankWood
Ore: plankWood
Ore: compressedCobblestone1x
Ore: compressedCobblestone2x
Ore: compressedCobblestone3x
Ore: compressedCobblestone4x
Ore: compressedCobblestone5x
Ore: compressedCobblestone6x
Ore: compressedCobblestone7x
Ore: compressedCobblestone8x
Ore: compressedDirt1x
Ore: compressedDirt2x
Ore: compressedDirt3x
Ore: compressedDirt4x
Ore: compressedGravel1x
Ore: compressedGravel2x
Ore: compressedSand1x
Ore: compressedSand2x
Ore: ingotUnstable
Ore: nuggetUnstable
Fluid: mutagen
Fluid: protein
Ore: beeComb
Ore: dropHoney
Ore: dyeBlack
Ore: dyeRed
Ore: dyeGreen
Ore: dyeBrown
Ore: dyeBlue
Ore: dyePurple
Ore: dyeCyan
Ore: dyeLightGray
Ore: dyeGray
Ore: dyePink
Ore: dyeLime
Ore: dyeYellow
Ore: dyeLightBlue
Ore: dyeMagenta
Ore: dyeOrange
Ore: dyeWhite
Ore: cropPumpkin
Ore: cropMelon
Ore: cropPotato
Ore: cropCarrot
Fluid: peat
Fluid: vegetable
Setting up meta item: 4602:0 Blacksmithing Hammer
Setting up meta item: 4603:0 Iron Ring
Ore: blockElectrumFlux
Ore: blockCrystalFlux
Ore: dustElectrumFlux
Ore: ingotElectrumFlux
Ore: nuggetElectrumFlux
Ore: gemCrystalFlux
Ore: diamondNugget
Ore: glassWhite
Ore: glassPaneWhite
Ore: dyeCeramicWhite
Ore: glassOrange
Ore: glassPaneOrange
Ore: dyeCeramicOrange
Ore: glassMagenta
Ore: glassPaneMagenta
Ore: dyeCeramicMagenta
Ore: glassLightBlue
Ore: glassPaneLightBlue
Ore: dyeCeramicLightBlue
Ore: glassYellow
Ore: glassPaneYellow
Ore: dyeCeramicYellow
Ore: glassLime
Ore: glassPaneLime
Ore: dyeCeramicLime
Ore: glassPink
Ore: glassPanePink
Ore: dyeCeramicPink
Ore: glassGray
Ore: glassPaneGray
Ore: dyeCeramicGray
Ore: glassLightGray
Ore: glassPaneLightGray
Ore: dyeCeramicLightGray
Ore: glassCyan
Ore: glassPaneCyan
Ore: dyeCeramicCyan
Ore: glassPurple
Ore: glassPanePurple
Ore: dyeCeramicPurple
Ore: glassBlue
Ore: glassPaneBlue
Ore: dyeCeramicBlue
Ore: glassBrown
Ore: glassPaneBrown
Ore: dyeCeramicBrown
Ore: glassGreen
Ore: glassPaneGreen
Ore: dyeCeramicGreen
Ore: glassRed
Ore: glassPaneRed
Ore: dyeCeramicRed
Ore: glassBlack
Ore: glassPaneBlack
Ore: dyeCeramicBlack
Ore: stone
Ore: stone
Ore: cobblestone
Ore: cobblestone
Ore: ingotIron
Ore: ingotGold
Ore: gemDiamond
Ore: gemEmerald
Ore: gemLapis
Ore: beeComb
Ore: oreIron
Ore: oreGold
Ore: oreCopper
Ore: oreTin
Ore: oreSilver
Ore: oreLead
Ore: oreNickel
Ore: orePlatinum
Ore: oreAluminum
Ore: oreAluminium
Ore: oreIron
Ore: oreGold
Ore: oreCopper
Ore: oreTin
Ore: oreSilver
Ore: oreLead
Ore: oreNickel
Ore: orePlatinum
Ore: oreAluminum
Ore: oreAluminium
Ore: oreIron
Ore: oreGold
Ore: oreCopper
Ore: oreTin
Ore: oreSilver
Ore: oreLead
Ore: oreNickel
Ore: orePlatinum
Ore: oreAluminum
Ore: oreAluminium
Ore: oreCobalt
Ore: oreCobalt
Ore: oreArdite
Ore: oreArdite
Ore: blockLimestone
Ore: greggy_greg_do_please_kindly_stuff_a_sock_in_it
